{"message":"LOG : SELECT qb.question_id,qb.question,qb.category,qb.option_1,qb.option_2,qb.option_3,qb.option_4,qb.correct_option FROM question_bank qb\n    where (qb.user_id != 'devang@gmail.com' or qb.user_id ISNULL) and (qb.category in (select category_id from user_category_table where username = 'devang@gmail.com')\n    OR qb.category = 1) and qb.question_id not in (select question_id from user_question_table where username = 'devang@gmail.com') and\n    qb.question_id > '0' and qb.checked = true order by qb.question_id LIMIT 20","level":"info","timestamp":"2020-07-19T07:37:12.126Z"}
{"message":"LOG Insert query : INSERT INTO user_question_table(username, question_id, correct_answer)\n                                  VALUES ('devang@gmail.com','3', 'true');","level":"info","timestamp":"2020-07-19T07:37:19.307Z"}
{"message":"LOG Answer question success : devang@gmail.com","level":"info","timestamp":"2020-07-19T07:37:19.320Z"}
{"message":"LOG Insert query : INSERT INTO user_question_table(username, question_id, correct_answer)\n                                  VALUES ('devang@gmail.com','4', 'false');","level":"info","timestamp":"2020-07-19T07:37:23.343Z"}
{"message":"LOG Answer question success : devang@gmail.com","level":"info","timestamp":"2020-07-19T07:37:23.344Z"}
{"message":"LOG Insert query : INSERT INTO user_question_table(username, question_id, correct_answer)\n                                  VALUES ('devang@gmail.com','5', 'true');","level":"info","timestamp":"2020-07-19T07:40:08.940Z"}
{"message":"LOG Answer question success : devang@gmail.com","level":"info","timestamp":"2020-07-19T07:40:09.018Z"}
{"message":"LOG : SELECT qb.question_id,qb.question,qb.category,qb.option_1,qb.option_2,qb.option_3,qb.option_4,qb.correct_option FROM question_bank qb\n    where (qb.user_id != 'devang@gmail.com' or qb.user_id ISNULL) and (qb.category in (select category_id from user_category_table where username = 'devang@gmail.com')\n    OR qb.category = 1) and qb.question_id not in (select question_id from user_question_table where username = 'devang@gmail.com') and\n    qb.question_id > '0' and qb.checked = true order by qb.question_id LIMIT 20","level":"info","timestamp":"2020-07-19T07:40:33.620Z"}
{"message":"LOG : SELECT qb.question_id,qb.question,qb.category,qb.option_1,qb.option_2,qb.option_3,qb.option_4,qb.correct_option FROM question_bank qb\n    where (qb.user_id != 'devang@gmail.com' or qb.user_id ISNULL) and (qb.category in (select category_id from user_category_table where username = 'devang@gmail.com')\n    OR qb.category = 1) and qb.question_id not in (select question_id from user_question_table where username = 'devang@gmail.com') and\n    qb.question_id > '0' and qb.checked = true order by qb.question_id LIMIT 20","level":"info","timestamp":"2020-07-19T07:41:15.016Z"}
{"message":"LOG Insert query : INSERT INTO user_question_table(username, question_id, correct_answer)\n                                  VALUES ('devang@gmail.com','6', 'true');","level":"info","timestamp":"2020-07-19T07:41:17.927Z"}
{"message":"LOG Answer question success : devang@gmail.com","level":"info","timestamp":"2020-07-19T07:41:17.934Z"}
{"message":"LOG Insert query : INSERT INTO user_question_table(username, question_id, correct_answer)\n                                  VALUES ('devang@gmail.com','7', 'false');","level":"info","timestamp":"2020-07-19T07:41:50.440Z"}
{"message":"LOG Answer question success : devang@gmail.com","level":"info","timestamp":"2020-07-19T07:41:50.514Z"}
{"message":"LOG : SELECT qb.question_id,qb.question,qb.category,qb.option_1,qb.option_2,qb.option_3,qb.option_4,qb.correct_option FROM question_bank qb\n    where (qb.user_id != 'devang@gmail.com' or qb.user_id ISNULL) and (qb.category in (select category_id from user_category_table where username = 'devang@gmail.com')\n    OR qb.category = 1) and qb.question_id not in (select question_id from user_question_table where username = 'devang@gmail.com') and\n    qb.question_id > '0' and qb.checked = true order by qb.question_id LIMIT 20","level":"info","timestamp":"2020-07-19T07:41:53.698Z"}
{"message":"LOG Insert query : INSERT INTO user_question_table(username, question_id, correct_answer)\n                                  VALUES ('devang@gmail.com','8', 'false');","level":"info","timestamp":"2020-07-19T07:41:57.172Z"}
{"message":"LOG Answer question success : devang@gmail.com","level":"info","timestamp":"2020-07-19T07:41:57.178Z"}
{"message":"LOG : SELECT qb.question_id,qb.question,qb.category,qb.option_1,qb.option_2,qb.option_3,qb.option_4,qb.correct_option FROM question_bank qb\n    where (qb.user_id != 'devang@gmail.com' or qb.user_id ISNULL) and (qb.category in (select category_id from user_category_table where username = 'devang@gmail.com')\n    OR qb.category = 1) and qb.question_id not in (select question_id from user_question_table where username = 'devang@gmail.com') and\n    qb.question_id > '0' and qb.checked = true order by qb.question_id LIMIT 20","level":"info","timestamp":"2020-07-19T07:42:02.669Z"}
{"message":"LOG Insert query : INSERT INTO user_question_table(username, question_id, correct_answer)\n                                  VALUES ('devang@gmail.com','10', 'false');","level":"info","timestamp":"2020-07-19T07:42:07.673Z"}
{"message":"LOG Answer question success : devang@gmail.com","level":"info","timestamp":"2020-07-19T07:42:07.678Z"}
{"message":"LOG : SELECT qb.question_id,qb.question,qb.category,qb.option_1,qb.option_2,qb.option_3,qb.option_4,qb.correct_option FROM question_bank qb\n    where (qb.user_id != 'devang@gmail.com' or qb.user_id ISNULL) and (qb.category in (select category_id from user_category_table where username = 'devang@gmail.com')\n    OR qb.category = 1) and qb.question_id not in (select question_id from user_question_table where username = 'devang@gmail.com') and\n    qb.question_id > '0' and qb.checked = true order by qb.question_id LIMIT 20","level":"info","timestamp":"2020-07-19T07:42:13.490Z"}
{"message":"LOG Insert query : INSERT INTO user_question_table(username, question_id, correct_answer)\n                                  VALUES ('devang@gmail.com','11', 'true');","level":"info","timestamp":"2020-07-19T07:42:17.212Z"}
{"message":"LOG Answer question success : devang@gmail.com","level":"info","timestamp":"2020-07-19T07:42:17.214Z"}
{"message":"LOG : SELECT qb.question_id,qb.question,qb.category,qb.option_1,qb.option_2,qb.option_3,qb.option_4,qb.correct_option FROM question_bank qb\n    where (qb.user_id != 'devang@gmail.com' or qb.user_id ISNULL) and (qb.category in (select category_id from user_category_table where username = 'devang@gmail.com')\n    OR qb.category = 1) and qb.question_id not in (select question_id from user_question_table where username = 'devang@gmail.com') and\n    qb.question_id > '0' and qb.checked = true order by qb.question_id LIMIT 20","level":"info","timestamp":"2020-07-19T07:42:33.387Z"}
{"message":"LOG : SELECT qb.question_id,qb.question,qb.category,qb.option_1,qb.option_2,qb.option_3,qb.option_4,qb.correct_option FROM question_bank qb\n    where (qb.user_id != 'devang@gmail.com' or qb.user_id ISNULL) and (qb.category in (select category_id from user_category_table where username = 'devang@gmail.com')\n    OR qb.category = 1) and qb.question_id not in (select question_id from user_question_table where username = 'devang@gmail.com') and\n    qb.question_id > '0' and qb.checked = true order by qb.question_id LIMIT 20","level":"info","timestamp":"2020-07-23T11:03:48.975Z"}
{"message":"LOG Insert query : INSERT INTO user_question_table(username, question_id, correct_answer)\n                                  VALUES ('devang@gmail.com','12', 'false');","level":"info","timestamp":"2020-07-23T11:03:59.749Z"}
{"message":"LOG Answer question success : devang@gmail.com","level":"info","timestamp":"2020-07-23T11:03:59.889Z"}
{"message":"LOG Insert query : INSERT INTO user_question_table(username, question_id, correct_answer)\n                                  VALUES ('devang@gmail.com','13', 'true');","level":"info","timestamp":"2020-07-23T11:04:03.776Z"}
{"message":"LOG Answer question success : devang@gmail.com","level":"info","timestamp":"2020-07-23T11:04:03.784Z"}
{"message":"LOG Insert query : INSERT INTO user_question_table(username, question_id, correct_answer)\n                                  VALUES ('devang@gmail.com','14', 'true');","level":"info","timestamp":"2020-07-23T11:04:09.525Z"}
{"message":"LOG Answer question success : devang@gmail.com","level":"info","timestamp":"2020-07-23T11:04:09.528Z"}
{"message":"LOG Insert query : INSERT INTO user_question_table(username, question_id, correct_answer)\n                                  VALUES ('devang@gmail.com','15', 'false');","level":"info","timestamp":"2020-07-23T11:04:13.077Z"}
{"message":"LOG Answer question success : devang@gmail.com","level":"info","timestamp":"2020-07-23T11:04:13.086Z"}
{"message":"LOG Insert query : INSERT INTO user_question_table(username, question_id, correct_answer)\n                                  VALUES ('devang@gmail.com','16', 'true');","level":"info","timestamp":"2020-07-23T11:04:16.948Z"}
{"message":"LOG Answer question success : devang@gmail.com","level":"info","timestamp":"2020-07-23T11:04:16.955Z"}
{"message":"LOG Insert query : INSERT INTO user_question_table(username, question_id, correct_answer)\n                                  VALUES ('devang@gmail.com','17', 'true');","level":"info","timestamp":"2020-07-23T11:04:23.085Z"}
{"message":"LOG Answer question success : devang@gmail.com","level":"info","timestamp":"2020-07-23T11:04:23.090Z"}
{"message":"LOG Insert query : INSERT INTO user_question_table(username, question_id, correct_answer)\n                                  VALUES ('devang@gmail.com','18', 'true');","level":"info","timestamp":"2020-07-23T11:04:26.920Z"}
{"message":"LOG Answer question success : devang@gmail.com","level":"info","timestamp":"2020-07-23T11:04:26.927Z"}
{"message":"LOG Insert query : INSERT INTO user_question_table(username, question_id, correct_answer)\n                                  VALUES ('devang@gmail.com','19', 'true');","level":"info","timestamp":"2020-07-23T11:04:30.200Z"}
{"message":"LOG Answer question success : devang@gmail.com","level":"info","timestamp":"2020-07-23T11:04:30.208Z"}
{"message":"LOG Insert query : INSERT INTO user_question_table(username, question_id, correct_answer)\n                                  VALUES ('devang@gmail.com','20', 'true');","level":"info","timestamp":"2020-07-23T11:04:34.494Z"}
{"message":"LOG Answer question success : devang@gmail.com","level":"info","timestamp":"2020-07-23T11:04:34.502Z"}
{"message":"LOG Insert query : INSERT INTO user_question_table(username, question_id, correct_answer)\n                                  VALUES ('devang@gmail.com','23', 'true');","level":"info","timestamp":"2020-07-23T11:04:37.875Z"}
{"message":"LOG Answer question success : devang@gmail.com","level":"info","timestamp":"2020-07-23T11:04:37.884Z"}
{"message":"LOG Insert query : INSERT INTO user_question_table(username, question_id, correct_answer)\n                                  VALUES ('devang@gmail.com','24', 'false');","level":"info","timestamp":"2020-07-23T11:04:42.895Z"}
{"message":"LOG Answer question success : devang@gmail.com","level":"info","timestamp":"2020-07-23T11:04:42.906Z"}
{"message":"LOG Insert query : INSERT INTO user_question_table(username, question_id, correct_answer)\n                                  VALUES ('devang@gmail.com','25', 'true');","level":"info","timestamp":"2020-07-23T11:04:49.355Z"}
{"message":"LOG Answer question success : devang@gmail.com","level":"info","timestamp":"2020-07-23T11:04:49.366Z"}
{"message":"LOG Insert query : INSERT INTO user_question_table(username, question_id, correct_answer)\n                                  VALUES ('devang@gmail.com','28', 'true');","level":"info","timestamp":"2020-07-23T11:04:54.149Z"}
{"message":"LOG Answer question success : devang@gmail.com","level":"info","timestamp":"2020-07-23T11:04:54.158Z"}
{"message":"LOG Insert query : INSERT INTO user_question_table(username, question_id, correct_answer)\n                                  VALUES ('devang@gmail.com','29', 'true');","level":"info","timestamp":"2020-07-23T11:05:00.443Z"}
{"message":"LOG Answer question success : devang@gmail.com","level":"info","timestamp":"2020-07-23T11:05:00.452Z"}
{"message":"LOG Insert query : INSERT INTO user_question_table(username, question_id, correct_answer)\n                                  VALUES ('devang@gmail.com','32', 'true');","level":"info","timestamp":"2020-07-23T11:05:05.938Z"}
{"message":"LOG Answer question success : devang@gmail.com","level":"info","timestamp":"2020-07-23T11:05:05.948Z"}
{"message":"LOG Insert query : INSERT INTO user_question_table(username, question_id, correct_answer)\n                                  VALUES ('devang@gmail.com','33', 'true');","level":"info","timestamp":"2020-07-23T11:05:10.644Z"}
{"message":"LOG Answer question success : devang@gmail.com","level":"info","timestamp":"2020-07-23T11:05:10.651Z"}
{"message":"LOG Insert query : INSERT INTO user_question_table(username, question_id, correct_answer)\n                                  VALUES ('devang@gmail.com','34', 'true');","level":"info","timestamp":"2020-07-23T11:05:15.158Z"}
{"message":"LOG Answer question success : devang@gmail.com","level":"info","timestamp":"2020-07-23T11:05:15.165Z"}
{"message":"LOG Insert query : INSERT INTO user_question_table(username, question_id, correct_answer)\n                                  VALUES ('devang@gmail.com','35', 'true');","level":"info","timestamp":"2020-07-23T11:05:21.867Z"}
{"message":"LOG Answer question success : devang@gmail.com","level":"info","timestamp":"2020-07-23T11:05:21.872Z"}
{"message":"LOG Insert query : INSERT INTO user_question_table(username, question_id, correct_answer)\n                                  VALUES ('devang@gmail.com','36', 'true');","level":"info","timestamp":"2020-07-23T11:05:26.720Z"}
{"message":"LOG Answer question success : devang@gmail.com","level":"info","timestamp":"2020-07-23T11:05:26.733Z"}
{"message":"LOG Insert query : INSERT INTO user_question_table(username, question_id, correct_answer)\n                                  VALUES ('devang@gmail.com','38', 'true');","level":"info","timestamp":"2020-07-23T11:05:30.511Z"}
{"message":"LOG Answer question success : devang@gmail.com","level":"info","timestamp":"2020-07-23T11:05:30.521Z"}
{"message":"LOG : SELECT qb.question_id,qb.question,qb.category,qb.option_1,qb.option_2,qb.option_3,qb.option_4,qb.correct_option FROM question_bank qb\n    where (qb.user_id != 'devang@gmail.com' or qb.user_id ISNULL) and (qb.category in (select category_id from user_category_table where username = 'devang@gmail.com')\n    OR qb.category = 1) and qb.question_id not in (select question_id from user_question_table where username = 'devang@gmail.com') and\n    qb.question_id > '36' and qb.checked = true order by qb.question_id LIMIT 20","level":"info","timestamp":"2020-07-23T11:05:32.155Z"}
{"message":"LOG Insert query : INSERT INTO user_question_table(username, question_id, correct_answer)\n                                  VALUES ('devang@gmail.com','48', 'true');","level":"info","timestamp":"2020-07-23T11:05:58.230Z"}
{"message":"LOG Answer question success : devang@gmail.com","level":"info","timestamp":"2020-07-23T11:05:58.362Z"}
{"message":"LOG Insert query : INSERT INTO user_question_table(username, question_id, correct_answer)\n                                  VALUES ('devang@gmail.com','54', 'true');","level":"info","timestamp":"2020-07-23T11:06:01.410Z"}
{"message":"LOG Answer question success : devang@gmail.com","level":"info","timestamp":"2020-07-23T11:06:01.418Z"}
{"message":"LOG Insert query : INSERT INTO user_question_table(username, question_id, correct_answer)\n                                  VALUES ('devang@gmail.com','55', 'true');","level":"info","timestamp":"2020-07-23T11:06:05.168Z"}
{"message":"LOG Answer question success : devang@gmail.com","level":"info","timestamp":"2020-07-23T11:06:05.175Z"}
{"message":"LOG Insert query : INSERT INTO user_question_table(username, question_id, correct_answer)\n                                  VALUES ('devang@gmail.com','56', 'true');","level":"info","timestamp":"2020-07-23T11:06:10.432Z"}
{"message":"LOG Answer question success : devang@gmail.com","level":"info","timestamp":"2020-07-23T11:06:10.444Z"}
{"message":"LOG Insert query : INSERT INTO user_question_table(username, question_id, correct_answer)\n                                  VALUES ('devang@gmail.com','57', 'true');","level":"info","timestamp":"2020-07-23T11:06:14.952Z"}
{"message":"LOG Answer question success : devang@gmail.com","level":"info","timestamp":"2020-07-23T11:06:14.958Z"}
{"message":"LOG Insert query : INSERT INTO user_question_table(username, question_id, correct_answer)\n                                  VALUES ('devang@gmail.com','58', 'true');","level":"info","timestamp":"2020-07-23T11:06:18.315Z"}
{"message":"LOG Answer question success : devang@gmail.com","level":"info","timestamp":"2020-07-23T11:06:18.324Z"}
{"message":"LOG : SELECT qb.question_id,qb.question,qb.category,qb.option_1,qb.option_2,qb.option_3,qb.option_4,qb.correct_option FROM question_bank qb\n    where (qb.user_id != 'devang@gmail.com' or qb.user_id ISNULL) and (qb.category in (select category_id from user_category_table where username = 'devang@gmail.com')\n    OR qb.category = 1) and qb.question_id not in (select question_id from user_question_table where username = 'devang@gmail.com') and\n    qb.question_id > '65' and qb.checked = true order by qb.question_id LIMIT 20","level":"info","timestamp":"2020-07-23T11:06:42.778Z"}
{"message":"LOG Insert query : INSERT INTO user_question_table(username, question_id, correct_answer)\n                                  VALUES ('devang@gmail.com','92', 'true');","level":"info","timestamp":"2020-07-23T11:06:55.100Z"}
{"message":"LOG Answer question success : devang@gmail.com","level":"info","timestamp":"2020-07-23T11:06:55.268Z"}
{"message":"LOG Insert query : INSERT INTO user_question_table(username, question_id, correct_answer)\n                                  VALUES ('devang@gmail.com','93', 'false');","level":"info","timestamp":"2020-07-23T11:06:58.531Z"}
{"message":"LOG Answer question success : devang@gmail.com","level":"info","timestamp":"2020-07-23T11:06:58.540Z"}
{"message":"LOG : SELECT qb.question_id,qb.question,qb.category,qb.option_1,qb.option_2,qb.option_3,qb.option_4,qb.correct_option FROM question_bank qb\n    where (qb.user_id != 'devang@gmail.com' or qb.user_id ISNULL) and (qb.category in (select category_id from user_category_table where username = 'devang@gmail.com')\n    OR qb.category = 1) and qb.question_id not in (select question_id from user_question_table where username = 'devang@gmail.com') and\n    qb.question_id > '0' and qb.checked = true order by qb.question_id LIMIT 20","level":"info","timestamp":"2020-07-30T11:34:50.909Z"}
{"message":"LOG Insert query : INSERT INTO user_question_table(username, question_id, correct_answer)\n                                  VALUES ('devang@gmail.com','39', 'true');","level":"info","timestamp":"2020-07-30T11:34:59.614Z"}
{"message":"LOG Answer question success : devang@gmail.com","level":"info","timestamp":"2020-07-30T11:34:59.625Z"}
{"message":"LOG Insert query : INSERT INTO user_question_table(username, question_id, correct_answer)\n                                  VALUES ('devang@gmail.com','40', 'false');","level":"info","timestamp":"2020-07-30T11:35:03.103Z"}
{"message":"LOG Answer question success : devang@gmail.com","level":"info","timestamp":"2020-07-30T11:35:03.111Z"}
{"message":"LOG Insert query : INSERT INTO user_question_table(username, question_id, correct_answer)\n                                  VALUES ('devang@gmail.com','41', 'true');","level":"info","timestamp":"2020-07-30T11:35:07.619Z"}
{"message":"LOG Answer question success : devang@gmail.com","level":"info","timestamp":"2020-07-30T11:35:07.626Z"}
{"message":"LOG Insert query : INSERT INTO user_question_table(username, question_id, correct_answer)\n                                  VALUES ('devang@gmail.com','42', 'true');","level":"info","timestamp":"2020-07-30T11:35:11.013Z"}
{"message":"LOG Answer question success : devang@gmail.com","level":"info","timestamp":"2020-07-30T11:35:11.016Z"}
{"message":"LOG Insert query : INSERT INTO user_question_table(username, question_id, correct_answer)\n                                  VALUES ('devang@gmail.com','43', 'true');","level":"info","timestamp":"2020-07-30T11:35:15.324Z"}
{"message":"LOG Answer question success : devang@gmail.com","level":"info","timestamp":"2020-07-30T11:35:15.326Z"}
{"message":"LOG Insert query : INSERT INTO user_question_table(username, question_id, correct_answer)\n                                  VALUES ('devang@gmail.com','44', 'true');","level":"info","timestamp":"2020-07-30T11:35:19.223Z"}
{"message":"LOG Answer question success : devang@gmail.com","level":"info","timestamp":"2020-07-30T11:35:19.232Z"}
{"message":"LOG Insert query : INSERT INTO user_question_table(username, question_id, correct_answer)\n                                  VALUES ('devang@gmail.com','45', 'false');","level":"info","timestamp":"2020-07-30T11:35:24.270Z"}
{"message":"LOG Answer question success : devang@gmail.com","level":"info","timestamp":"2020-07-30T11:35:24.279Z"}
{"message":"LOG Insert query : INSERT INTO user_question_table(username, question_id, correct_answer)\n                                  VALUES ('devang@gmail.com','46', 'true');","level":"info","timestamp":"2020-07-30T11:35:28.060Z"}
{"message":"LOG Answer question success : devang@gmail.com","level":"info","timestamp":"2020-07-30T11:35:28.072Z"}
{"message":"LOG Insert query : INSERT INTO user_question_table(username, question_id, correct_answer)\n                                  VALUES ('devang@gmail.com','47', 'true');","level":"info","timestamp":"2020-07-30T11:35:31.707Z"}
{"message":"LOG Answer question success : devang@gmail.com","level":"info","timestamp":"2020-07-30T11:35:31.712Z"}
{"message":"LOG Insert query : INSERT INTO user_question_table(username, question_id, correct_answer)\n                                  VALUES ('devang@gmail.com','59', 'true');","level":"info","timestamp":"2020-07-30T11:35:35.355Z"}
{"message":"LOG Answer question success : devang@gmail.com","level":"info","timestamp":"2020-07-30T11:35:35.363Z"}
{"message":"LOG Insert query : INSERT INTO user_question_table(username, question_id, correct_answer)\n                                  VALUES ('devang@gmail.com','63', 'false');","level":"info","timestamp":"2020-07-30T11:35:40.400Z"}
{"message":"LOG Answer question success : devang@gmail.com","level":"info","timestamp":"2020-07-30T11:35:40.407Z"}
{"message":"LOG Insert query : INSERT INTO user_question_table(username, question_id, correct_answer)\n                                  VALUES ('devang@gmail.com','64', 'true');","level":"info","timestamp":"2020-07-30T11:35:45.716Z"}
{"message":"LOG Answer question success : devang@gmail.com","level":"info","timestamp":"2020-07-30T11:35:45.724Z"}
{"message":"LOG Insert query : INSERT INTO user_question_table(username, question_id, correct_answer)\n                                  VALUES ('devang@gmail.com','65', 'true');","level":"info","timestamp":"2020-07-30T11:35:52.564Z"}
{"message":"LOG Answer question success : devang@gmail.com","level":"info","timestamp":"2020-07-30T11:35:52.572Z"}
{"message":"LOG Insert query : INSERT INTO user_question_table(username, question_id, correct_answer)\n                                  VALUES ('devang@gmail.com','90', 'true');","level":"info","timestamp":"2020-07-30T11:35:57.044Z"}
{"message":"LOG Answer question success : devang@gmail.com","level":"info","timestamp":"2020-07-30T11:35:57.055Z"}
{"message":"LOG Insert query : INSERT INTO user_question_table(username, question_id, correct_answer)\n                                  VALUES ('devang@gmail.com','91', 'true');","level":"info","timestamp":"2020-07-30T11:36:00.863Z"}
{"message":"LOG Answer question success : devang@gmail.com","level":"info","timestamp":"2020-07-30T11:36:00.869Z"}
{"message":"LOG Insert query : INSERT INTO user_question_table(username, question_id, correct_answer)\n                                  VALUES ('devang@gmail.com','94', 'true');","level":"info","timestamp":"2020-07-30T11:36:04.717Z"}
{"message":"LOG Answer question success : devang@gmail.com","level":"info","timestamp":"2020-07-30T11:36:04.724Z"}
{"message":"LOG Insert query : INSERT INTO user_question_table(username, question_id, correct_answer)\n                                  VALUES ('devang@gmail.com','95', 'false');","level":"info","timestamp":"2020-07-30T11:36:09.590Z"}
{"message":"LOG Answer question success : devang@gmail.com","level":"info","timestamp":"2020-07-30T11:36:09.594Z"}
{"message":"LOG Insert query : INSERT INTO user_question_table(username, question_id, correct_answer)\n                                  VALUES ('devang@gmail.com','96', 'true');","level":"info","timestamp":"2020-07-30T11:36:14.158Z"}
{"message":"LOG Answer question success : devang@gmail.com","level":"info","timestamp":"2020-07-30T11:36:14.166Z"}
{"message":"LOG Insert query : INSERT INTO user_question_table(username, question_id, correct_answer)\n                                  VALUES ('devang@gmail.com','97', 'true');","level":"info","timestamp":"2020-07-30T11:36:17.770Z"}
{"message":"LOG Answer question success : devang@gmail.com","level":"info","timestamp":"2020-07-30T11:36:17.780Z"}
{"message":"LOG Insert query : INSERT INTO user_question_table(username, question_id, correct_answer)\n                                  VALUES ('devang@gmail.com','98', 'false');","level":"info","timestamp":"2020-07-30T11:36:21.035Z"}
{"message":"LOG Answer question success : devang@gmail.com","level":"info","timestamp":"2020-07-30T11:36:21.039Z"}
{"message":"LOG : SELECT qb.question_id,qb.question,qb.category,qb.option_1,qb.option_2,qb.option_3,qb.option_4,qb.correct_option FROM question_bank qb\n    where (qb.user_id != 'devang@gmail.com' or qb.user_id ISNULL) and (qb.category in (select category_id from user_category_table where username = 'devang@gmail.com')\n    OR qb.category = 1) and qb.question_id not in (select question_id from user_question_table where username = 'devang@gmail.com') and\n    qb.question_id > '97' and qb.checked = true order by qb.question_id LIMIT 20","level":"info","timestamp":"2020-07-30T11:36:22.688Z"}
{"message":"LOG Insert query : INSERT INTO user_question_table(username, question_id, correct_answer)\n                                  VALUES ('devang@gmail.com','99', 'true');","level":"info","timestamp":"2020-07-30T11:36:25.746Z"}
{"message":"LOG Answer question success : devang@gmail.com","level":"info","timestamp":"2020-07-30T11:36:25.756Z"}
{"message":"LOG Insert query : INSERT INTO user_question_table(username, question_id, correct_answer)\n                                  VALUES ('devang@gmail.com','100', 'true');","level":"info","timestamp":"2020-07-30T11:36:40.127Z"}
{"message":"LOG Answer question success : devang@gmail.com","level":"info","timestamp":"2020-07-30T11:36:40.318Z"}
{"message":"LOG Insert query : INSERT INTO user_question_table(username, question_id, correct_answer)\n                                  VALUES ('devang@gmail.com','101', 'true');","level":"info","timestamp":"2020-07-30T11:36:49.937Z"}
{"message":"LOG Answer question success : devang@gmail.com","level":"info","timestamp":"2020-07-30T11:36:49.943Z"}
{"message":"LOG Insert query : INSERT INTO user_question_table(username, question_id, correct_answer)\n                                  VALUES ('devang@gmail.com','102', 'false');","level":"info","timestamp":"2020-07-30T11:36:53.139Z"}
{"message":"LOG Answer question success : devang@gmail.com","level":"info","timestamp":"2020-07-30T11:36:53.147Z"}
{"message":"LOG Insert query : INSERT INTO user_question_table(username, question_id, correct_answer)\n                                  VALUES ('devang@gmail.com','103', 'false');","level":"info","timestamp":"2020-07-30T11:36:56.980Z"}
{"message":"LOG Answer question success : devang@gmail.com","level":"info","timestamp":"2020-07-30T11:36:56.988Z"}
{"message":"LOG Insert query : INSERT INTO user_question_table(username, question_id, correct_answer)\n                                  VALUES ('devang@gmail.com','104', 'true');","level":"info","timestamp":"2020-07-30T11:37:02.588Z"}
{"message":"LOG Answer question success : devang@gmail.com","level":"info","timestamp":"2020-07-30T11:37:02.598Z"}
{"message":"LOG Insert query : INSERT INTO user_question_table(username, question_id, correct_answer)\n                                  VALUES ('devang@gmail.com','105', 'true');","level":"info","timestamp":"2020-07-30T11:37:04.259Z"}
{"message":"LOG Answer question success : devang@gmail.com","level":"info","timestamp":"2020-07-30T11:37:04.268Z"}
{"message":"LOG Insert query : INSERT INTO user_question_table(username, question_id, correct_answer)\n                                  VALUES ('devang@gmail.com','106', 'true');","level":"info","timestamp":"2020-07-30T11:37:07.838Z"}
{"message":"LOG Answer question success : devang@gmail.com","level":"info","timestamp":"2020-07-30T11:37:07.841Z"}
{"message":"LOG Insert query : INSERT INTO user_question_table(username, question_id, correct_answer)\n                                  VALUES ('devang@gmail.com','107', 'true');","level":"info","timestamp":"2020-07-30T11:37:12.543Z"}
{"message":"LOG Answer question success : devang@gmail.com","level":"info","timestamp":"2020-07-30T11:37:12.553Z"}
{"message":"LOG Insert query : INSERT INTO user_question_table(username, question_id, correct_answer)\n                                  VALUES ('devang@gmail.com','108', 'true');","level":"info","timestamp":"2020-07-30T11:37:17.370Z"}
{"message":"LOG Answer question success : devang@gmail.com","level":"info","timestamp":"2020-07-30T11:37:17.378Z"}
{"message":"LOG Insert query : INSERT INTO user_question_table(username, question_id, correct_answer)\n                                  VALUES ('devang@gmail.com','109', 'true');","level":"info","timestamp":"2020-07-30T11:37:19.711Z"}
{"message":"LOG Answer question success : devang@gmail.com","level":"info","timestamp":"2020-07-30T11:37:19.720Z"}
{"message":"LOG Insert query : INSERT INTO user_question_table(username, question_id, correct_answer)\n                                  VALUES ('devang@gmail.com','110', 'true');","level":"info","timestamp":"2020-07-30T11:37:24.012Z"}
{"message":"LOG Answer question success : devang@gmail.com","level":"info","timestamp":"2020-07-30T11:37:24.020Z"}
{"message":"LOG Insert query : INSERT INTO user_question_table(username, question_id, correct_answer)\n                                  VALUES ('devang@gmail.com','111', 'true');","level":"info","timestamp":"2020-07-30T11:37:27.495Z"}
{"message":"LOG Answer question success : devang@gmail.com","level":"info","timestamp":"2020-07-30T11:37:27.506Z"}
{"message":"LOG Insert query : INSERT INTO user_question_table(username, question_id, correct_answer)\n                                  VALUES ('devang@gmail.com','113', 'true');","level":"info","timestamp":"2020-07-30T11:37:32.278Z"}
{"message":"LOG Answer question success : devang@gmail.com","level":"info","timestamp":"2020-07-30T11:37:32.287Z"}
{"message":"LOG Insert query : INSERT INTO user_question_table(username, question_id, correct_answer)\n                                  VALUES ('devang@gmail.com','114', 'false');","level":"info","timestamp":"2020-07-30T11:37:34.272Z"}
{"message":"LOG Answer question success : devang@gmail.com","level":"info","timestamp":"2020-07-30T11:37:34.281Z"}
{"message":"LOG Insert query : INSERT INTO user_question_table(username, question_id, correct_answer)\n                                  VALUES ('devang@gmail.com','126', 'true');","level":"info","timestamp":"2020-07-30T11:37:38.355Z"}
{"message":"LOG Answer question success : devang@gmail.com","level":"info","timestamp":"2020-07-30T11:37:38.362Z"}
{"message":"LOG Insert query : INSERT INTO user_question_table(username, question_id, correct_answer)\n                                  VALUES ('devang@gmail.com','127', 'true');","level":"info","timestamp":"2020-07-30T11:37:41.933Z"}
{"message":"LOG Answer question success : devang@gmail.com","level":"info","timestamp":"2020-07-30T11:37:41.942Z"}
{"message":"LOG Insert query : INSERT INTO user_question_table(username, question_id, correct_answer)\n                                  VALUES ('devang@gmail.com','128', 'true');","level":"info","timestamp":"2020-07-30T11:38:02.616Z"}
{"message":"LOG Answer question success : devang@gmail.com","level":"info","timestamp":"2020-07-30T11:38:02.765Z"}
{"message":"LOG Insert query : INSERT INTO user_question_table(username, question_id, correct_answer)\n                                  VALUES ('devang@gmail.com','129', 'true');","level":"info","timestamp":"2020-07-30T11:38:03.849Z"}
{"message":"LOG Answer question success : devang@gmail.com","level":"info","timestamp":"2020-07-30T11:38:03.859Z"}
{"message":"LOG Insert query : INSERT INTO user_question_table(username, question_id, correct_answer)\n                                  VALUES ('devang@gmail.com','130', 'false');","level":"info","timestamp":"2020-07-30T11:38:07.139Z"}
{"message":"LOG Answer question success : devang@gmail.com","level":"info","timestamp":"2020-07-30T11:38:07.149Z"}
{"message":"LOG : SELECT qb.question_id,qb.question,qb.category,qb.option_1,qb.option_2,qb.option_3,qb.option_4,qb.correct_option FROM question_bank qb\n    where (qb.user_id != 'devang@gmail.com' or qb.user_id ISNULL) and (qb.category in (select category_id from user_category_table where username = 'devang@gmail.com')\n    OR qb.category = 1) and qb.question_id not in (select question_id from user_question_table where username = 'devang@gmail.com') and\n    qb.question_id > '129' and qb.checked = true order by qb.question_id LIMIT 20","level":"info","timestamp":"2020-07-30T11:38:08.866Z"}
{"message":"LOG Insert query : INSERT INTO user_question_table(username, question_id, correct_answer)\n                                  VALUES ('devang@gmail.com','131', 'true');","level":"info","timestamp":"2020-07-30T11:38:11.728Z"}
{"message":"LOG Answer question success : devang@gmail.com","level":"info","timestamp":"2020-07-30T11:38:11.735Z"}
{"message":"LOG Insert query : INSERT INTO user_question_table(username, question_id, correct_answer)\n                                  VALUES ('devang@gmail.com','132', 'false');","level":"info","timestamp":"2020-07-30T11:38:15.076Z"}
{"message":"LOG Answer question success : devang@gmail.com","level":"info","timestamp":"2020-07-30T11:38:15.084Z"}
{"message":"LOG Insert query : INSERT INTO user_question_table(username, question_id, correct_answer)\n                                  VALUES ('devang@gmail.com','134', 'false');","level":"info","timestamp":"2020-07-30T11:38:20.075Z"}
{"message":"LOG Answer question success : devang@gmail.com","level":"info","timestamp":"2020-07-30T11:38:20.081Z"}
{"message":"LOG Insert query : INSERT INTO user_question_table(username, question_id, correct_answer)\n                                  VALUES ('devang@gmail.com','135', 'false');","level":"info","timestamp":"2020-07-30T11:38:22.584Z"}
{"message":"LOG Answer question success : devang@gmail.com","level":"info","timestamp":"2020-07-30T11:38:22.594Z"}
{"message":"LOG Insert query : INSERT INTO user_question_table(username, question_id, correct_answer)\n                                  VALUES ('devang@gmail.com','136', 'false');","level":"info","timestamp":"2020-07-30T11:38:25.283Z"}
{"message":"LOG Answer question success : devang@gmail.com","level":"info","timestamp":"2020-07-30T11:38:25.291Z"}
{"message":"LOG Insert query : INSERT INTO user_question_table(username, question_id, correct_answer)\n                                  VALUES ('devang@gmail.com','137', 'false');","level":"info","timestamp":"2020-07-30T11:38:27.909Z"}
{"message":"LOG Answer question success : devang@gmail.com","level":"info","timestamp":"2020-07-30T11:38:27.916Z"}
{"message":"LOG Insert query : INSERT INTO user_question_table(username, question_id, correct_answer)\n                                  VALUES ('devang@gmail.com','138', 'false');","level":"info","timestamp":"2020-07-30T11:38:30.575Z"}
{"message":"LOG Answer question success : devang@gmail.com","level":"info","timestamp":"2020-07-30T11:38:30.581Z"}
{"message":"LOG Insert query : INSERT INTO user_question_table(username, question_id, correct_answer)\n                                  VALUES ('devang@gmail.com','139', 'false');","level":"info","timestamp":"2020-07-30T11:38:40.623Z"}
{"message":"LOG Answer question success : devang@gmail.com","level":"info","timestamp":"2020-07-30T11:38:40.770Z"}
{"message":"LOG Insert query : INSERT INTO user_question_table(username, question_id, correct_answer)\n                                  VALUES ('devang@gmail.com','140', 'true');","level":"info","timestamp":"2020-07-30T11:38:43.068Z"}
{"message":"LOG Answer question success : devang@gmail.com","level":"info","timestamp":"2020-07-30T11:38:43.080Z"}
{"message":"LOG Insert query : INSERT INTO user_question_table(username, question_id, correct_answer)\n                                  VALUES ('devang@gmail.com','141', 'false');","level":"info","timestamp":"2020-07-30T11:38:47.004Z"}
{"message":"LOG Answer question success : devang@gmail.com","level":"info","timestamp":"2020-07-30T11:38:47.013Z"}
{"message":"LOG Insert query : INSERT INTO user_question_table(username, question_id, correct_answer)\n                                  VALUES ('devang@gmail.com','149', 'false');","level":"info","timestamp":"2020-07-30T11:38:51.572Z"}
{"message":"LOG Answer question success : devang@gmail.com","level":"info","timestamp":"2020-07-30T11:38:51.580Z"}
{"message":"LOG : SELECT qb.question_id,qb.question,qb.category,qb.option_1,qb.option_2,qb.option_3,qb.option_4,qb.correct_option FROM question_bank qb\n    where (qb.user_id != 'devang@gmail.com' or qb.user_id ISNULL) and (qb.category in (select category_id from user_category_table where username = 'devang@gmail.com')\n    OR qb.category = 1) and qb.question_id not in (select question_id from user_question_table where username = 'devang@gmail.com') and\n    qb.question_id > '141' and qb.checked = true order by qb.question_id LIMIT 20","level":"info","timestamp":"2020-07-30T11:38:53.318Z"}
{"message":"LOG : SELECT qb.question_id,qb.question,qb.category,qb.option_1,qb.option_2,qb.option_3,qb.option_4,qb.correct_option FROM question_bank qb\n    where (qb.user_id != 'devang@gmail.com' or qb.user_id ISNULL) and (qb.category in (select category_id from user_category_table where username = 'devang@gmail.com')\n    OR qb.category = 1) and qb.question_id not in (select question_id from user_question_table where username = 'devang@gmail.com') and\n    qb.question_id > '0' and qb.checked = true order by qb.question_id LIMIT 20","level":"info","timestamp":"2020-07-30T11:39:10.930Z"}
{"message":"LOG Insert query : INSERT INTO user_question_table(username, question_id, correct_answer)\n                                  VALUES ('devang@gmail.com','151', 'true');","level":"info","timestamp":"2020-07-30T11:39:24.177Z"}
{"message":"LOG Answer question success : devang@gmail.com","level":"info","timestamp":"2020-07-30T11:39:24.416Z"}
{"message":"LOG Insert query : INSERT INTO user_question_table(username, question_id, correct_answer)\n                                  VALUES ('devang@gmail.com','152', 'true');","level":"info","timestamp":"2020-07-30T11:39:29.625Z"}
{"message":"LOG Answer question success : devang@gmail.com","level":"info","timestamp":"2020-07-30T11:39:29.633Z"}
{"message":"LOG Insert query : INSERT INTO user_question_table(username, question_id, correct_answer)\n                                  VALUES ('devang@gmail.com','153', 'true');","level":"info","timestamp":"2020-07-30T11:39:33.137Z"}
{"message":"LOG Answer question success : devang@gmail.com","level":"info","timestamp":"2020-07-30T11:39:33.140Z"}
{"message":"LOG Insert query : INSERT INTO user_question_table(username, question_id, correct_answer)\n                                  VALUES ('devang@gmail.com','154', 'true');","level":"info","timestamp":"2020-07-30T11:39:37.130Z"}
{"message":"LOG Answer question success : devang@gmail.com","level":"info","timestamp":"2020-07-30T11:39:37.133Z"}
{"message":"LOG Insert query : INSERT INTO user_question_table(username, question_id, correct_answer)\n                                  VALUES ('devang@gmail.com','155', 'true');","level":"info","timestamp":"2020-07-30T11:39:41.644Z"}
{"message":"LOG Answer question success : devang@gmail.com","level":"info","timestamp":"2020-07-30T11:39:41.651Z"}
{"message":"LOG Insert query : INSERT INTO user_question_table(username, question_id, correct_answer)\n                                  VALUES ('devang@gmail.com','156', 'true');","level":"info","timestamp":"2020-07-30T11:39:46.842Z"}
{"message":"LOG Answer question success : devang@gmail.com","level":"info","timestamp":"2020-07-30T11:39:46.852Z"}
{"message":"LOG Insert query : INSERT INTO user_question_table(username, question_id, correct_answer)\n                                  VALUES ('devang@gmail.com','157', 'true');","level":"info","timestamp":"2020-07-30T11:39:50.471Z"}
{"message":"LOG Answer question success : devang@gmail.com","level":"info","timestamp":"2020-07-30T11:39:50.481Z"}
{"message":"LOG Insert query : INSERT INTO user_question_table(username, question_id, correct_answer)\n                                  VALUES ('devang@gmail.com','158', 'true');","level":"info","timestamp":"2020-07-30T11:39:55.658Z"}
{"message":"LOG Answer question success : devang@gmail.com","level":"info","timestamp":"2020-07-30T11:39:55.667Z"}
{"message":"LOG Insert query : INSERT INTO user_question_table(username, question_id, correct_answer)\n                                  VALUES ('devang@gmail.com','159', 'true');","level":"info","timestamp":"2020-07-30T11:40:00.678Z"}
{"message":"LOG Answer question success : devang@gmail.com","level":"info","timestamp":"2020-07-30T11:40:00.681Z"}
{"message":"LOG Insert query : INSERT INTO user_question_table(username, question_id, correct_answer)\n                                  VALUES ('devang@gmail.com','160', 'false');","level":"info","timestamp":"2020-07-30T11:40:10.707Z"}
{"message":"LOG Answer question success : devang@gmail.com","level":"info","timestamp":"2020-07-30T11:40:10.968Z"}
{"message":"LOG : SELECT qb.question_id,qb.question,qb.category,qb.option_1,qb.option_2,qb.option_3,qb.option_4,qb.correct_option FROM question_bank qb\n    where (qb.user_id != 'devang@gmail.com' or qb.user_id ISNULL) and (qb.category in (select category_id from user_category_table where username = 'devang@gmail.com')\n    OR qb.category = 1) and qb.question_id not in (select question_id from user_question_table where username = 'devang@gmail.com') and\n    qb.question_id > '159' and qb.checked = true order by qb.question_id LIMIT 20","level":"info","timestamp":"2020-07-30T11:40:12.466Z"}
{"message":"LOG : SELECT qb.question_id,qb.question,qb.category,qb.option_1,qb.option_2,qb.option_3,qb.option_4,qb.correct_option FROM question_bank qb\n    where (qb.user_id != 'devang@gmail.com' or qb.user_id ISNULL) and (qb.category in (select category_id from user_category_table where username = 'devang@gmail.com')\n    OR qb.category = 1) and qb.question_id not in (select question_id from user_question_table where username = 'devang@gmail.com') and\n    qb.question_id > '0' and qb.checked = true order by qb.question_id LIMIT 20","level":"info","timestamp":"2020-07-30T11:44:40.340Z"}
{"message":"LOG : SELECT qb.question_id,qb.question,qb.category,qb.option_1,qb.option_2,qb.option_3,qb.option_4,qb.correct_option FROM question_bank qb\n    where (qb.user_id != 'devang@gmail.com' or qb.user_id ISNULL) and (qb.category in (select category_id from user_category_table where username = 'devang@gmail.com')\n    OR qb.category = 1) and qb.question_id not in (select question_id from user_question_table where username = 'devang@gmail.com') and\n    qb.question_id > '0' and qb.checked = true order by qb.question_id LIMIT 20","level":"info","timestamp":"2020-07-30T11:50:18.300Z"}
{"message":"LOG : SELECT qb.question_id,qb.question,qb.category,qb.option_1,qb.option_2,qb.option_3,qb.option_4,qb.correct_option FROM question_bank qb\n    where (qb.user_id != 'devang@gmail.com' or qb.user_id ISNULL) and (qb.category in (select category_id from user_category_table where username = 'devang@gmail.com')\n    OR qb.category = 1) and qb.question_id not in (select question_id from user_question_table where username = 'devang@gmail.com') and\n    qb.question_id > '0' and qb.checked = true order by qb.question_id LIMIT 20","level":"info","timestamp":"2020-07-30T11:57:10.821Z"}
{"message":"LOG : SELECT qb.question_id,qb.question,qb.category,qb.option_1,qb.option_2,qb.option_3,qb.option_4,qb.correct_option FROM question_bank qb\n    where (qb.user_id != 'devang@gmail.com' or qb.user_id ISNULL) and (qb.category in (select category_id from user_category_table where username = 'devang@gmail.com')\n    OR qb.category = 1) and qb.question_id not in (select question_id from user_question_table where username = 'devang@gmail.com') and\n    qb.question_id > '0' and qb.checked = true order by qb.question_id LIMIT 20","level":"info","timestamp":"2020-07-30T11:58:45.197Z"}
{"message":"LOG : SELECT qb.question_id,qb.question,qb.category,qb.option_1,qb.option_2,qb.option_3,qb.option_4,qb.correct_option FROM question_bank qb\n    where (qb.user_id != 'devang@gmail.com' or qb.user_id ISNULL) and (qb.category in (select category_id from user_category_table where username = 'devang@gmail.com')\n    OR qb.category = 1) and qb.question_id not in (select question_id from user_question_table where username = 'devang@gmail.com') and\n    qb.question_id > '0' and qb.checked = true order by qb.question_id LIMIT 20","level":"info","timestamp":"2020-07-30T11:58:48.269Z"}
{"message":"LOG : SELECT qb.question_id,qb.question,qb.category,qb.option_1,qb.option_2,qb.option_3,qb.option_4,qb.correct_option FROM question_bank qb\n    where (qb.user_id != 'devang@gmail.com' or qb.user_id ISNULL) and (qb.category in (select category_id from user_category_table where username = 'devang@gmail.com')\n    OR qb.category = 1) and qb.question_id not in (select question_id from user_question_table where username = 'devang@gmail.com') and\n    qb.question_id > '0' and qb.checked = true order by qb.question_id LIMIT 20","level":"info","timestamp":"2020-07-30T11:59:26.346Z"}
{"message":"LOG : SELECT qb.question_id,qb.question,qb.category,qb.option_1,qb.option_2,qb.option_3,qb.option_4,qb.correct_option FROM question_bank qb\n    where (qb.user_id != 'devang@gmail.com' or qb.user_id ISNULL) and (qb.category in (select category_id from user_category_table where username = 'devang@gmail.com')\n    OR qb.category = 1) and qb.question_id not in (select question_id from user_question_table where username = 'devang@gmail.com') and\n    qb.question_id > '0' and qb.checked = true order by qb.question_id LIMIT 20","level":"info","timestamp":"2020-07-30T11:59:51.297Z"}
{"message":"LOG : SELECT qb.question_id,qb.question,qb.category,qb.option_1,qb.option_2,qb.option_3,qb.option_4,qb.correct_option FROM question_bank qb\n    where (qb.user_id != 'devang@gmail.com' or qb.user_id ISNULL) and (qb.category in (select category_id from user_category_table where username = 'devang@gmail.com')\n    OR qb.category = 1) and qb.question_id not in (select question_id from user_question_table where username = 'devang@gmail.com') and\n    qb.question_id > '0' and qb.checked = true order by qb.question_id LIMIT 20","level":"info","timestamp":"2020-07-30T12:04:02.595Z"}
{"message":"LOG : SELECT qb.question_id,qb.question,qb.category,qb.option_1,qb.option_2,qb.option_3,qb.option_4,qb.correct_option FROM question_bank qb\n    where (qb.user_id != 'devang@gmail.com' or qb.user_id ISNULL) and (qb.category in (select category_id from user_category_table where username = 'devang@gmail.com')\n    OR qb.category = 1) and qb.question_id not in (select question_id from user_question_table where username = 'devang@gmail.com') and\n    qb.question_id > '0' and qb.checked = true order by qb.question_id LIMIT 20","level":"info","timestamp":"2020-07-30T12:11:32.019Z"}
{"message":"LOG : SELECT qb.question_id,qb.question,qb.category,qb.option_1,qb.option_2,qb.option_3,qb.option_4,qb.correct_option FROM question_bank qb\n    where (qb.user_id != 'devang@gmail.com' or qb.user_id ISNULL) and (qb.category in (select category_id from user_category_table where username = 'devang@gmail.com')\n    OR qb.category = 1) and qb.question_id not in (select question_id from user_question_table where username = 'devang@gmail.com') and\n    qb.question_id > '0' and qb.checked = true order by qb.question_id LIMIT 20","level":"info","timestamp":"2020-07-30T12:12:02.084Z"}
{"message":"LOG : SELECT qb.question_id,qb.question,qb.category,qb.option_1,qb.option_2,qb.option_3,qb.option_4,qb.correct_option FROM question_bank qb\n    where (qb.user_id != 'devang@gmail.com' or qb.user_id ISNULL) and (qb.category in (select category_id from user_category_table where username = 'devang@gmail.com')\n    OR qb.category = 1) and qb.question_id not in (select question_id from user_question_table where username = 'devang@gmail.com') and\n    qb.question_id > '0' and qb.checked = true order by qb.question_id LIMIT 20","level":"info","timestamp":"2020-07-30T12:12:38.039Z"}
{"message":"LOG : SELECT qb.question_id,qb.question,qb.category,qb.option_1,qb.option_2,qb.option_3,qb.option_4,qb.correct_option FROM question_bank qb\n    where (qb.user_id != 'devang@gmail.com' or qb.user_id ISNULL) and (qb.category in (select category_id from user_category_table where username = 'devang@gmail.com')\n    OR qb.category = 1) and qb.question_id not in (select question_id from user_question_table where username = 'devang@gmail.com') and\n    qb.question_id > '0' and qb.checked = true order by qb.question_id LIMIT 20","level":"info","timestamp":"2020-07-30T12:12:57.815Z"}
{"message":"LOG : SELECT qb.question_id,qb.question,qb.category,qb.option_1,qb.option_2,qb.option_3,qb.option_4,qb.correct_option FROM question_bank qb\n    where (qb.user_id != 'devang@gmail.com' or qb.user_id ISNULL) and (qb.category in (select category_id from user_category_table where username = 'devang@gmail.com')\n    OR qb.category = 1) and qb.question_id not in (select question_id from user_question_table where username = 'devang@gmail.com') and\n    qb.question_id > '0' and qb.checked = true order by qb.question_id LIMIT 20","level":"info","timestamp":"2020-07-30T12:18:52.482Z"}
